idx : 0
batch: 
 {'id': ['B07SHYN8WK', 'B07HSNQW37', 'B07B8K1DL3'], 'class': ['ottoman', 'dresser', 'bottle rack'], '3d': tensor([[[ 0.2109,  0.3264, -0.0851],
         [ 0.0861,  0.1701, -0.2399],
         [-0.1928,  0.0156, -0.0914],
         ...,
         [ 0.0044,  0.2259,  0.2376],
         [ 0.1669,  0.3149, -0.1639],
         [-0.0545,  0.3291, -0.0603]],

        [[ 0.4904,  0.4690,  0.2117],
         [ 0.4658,  0.6229,  0.1547],
         [-0.1521,  0.2191,  0.2238],
         ...,
         [-0.7733,  0.2395, -0.0628],
         [-0.6071,  0.5025,  0.1547],
         [ 0.4627,  0.8048, -0.1291]],

        [[-0.0820,  0.0167, -0.0495],
         [-0.0599,  0.0000,  0.0841],
         [-0.0433,  0.5507,  0.0402],
         ...,
         [-0.0273,  0.0000, -0.0590],
         [-0.0321,  0.0167,  0.0377],
         [-0.0804,  0.1510, -0.0539]]]), '2d': tensor([[[[ 0.5193,  0.5022,  0.3823,  ...,  0.7077,  0.7419,  0.7762],
          [ 0.6049,  0.6049,  0.4166,  ...,  0.7591,  0.7762,  0.7762],
          [ 0.7248,  0.6734,  0.5193,  ...,  0.7933,  0.7762,  0.7591],
          ...,
          [ 0.4166,  0.3652,  0.4679,  ...,  0.4337,  0.4337,  0.4166],
          [ 0.4166,  0.4337,  0.5364,  ...,  0.4679,  0.4679,  0.4508],
          [ 0.4337,  0.3994,  0.4679,  ...,  0.4851,  0.4851,  0.4679]],

         [[ 0.7304,  0.7129,  0.5903,  ...,  0.8880,  0.9230,  0.9580],
          [ 0.8179,  0.8179,  0.6254,  ...,  0.9405,  0.9580,  0.9580],
          [ 0.9405,  0.8880,  0.7304,  ...,  0.9755,  0.9580,  0.9405],
          ...,
          [ 0.5728,  0.5203,  0.6254,  ...,  0.6429,  0.6429,  0.6254],
          [ 0.5728,  0.5903,  0.6954,  ...,  0.6779,  0.6779,  0.6604],
          [ 0.5903,  0.5553,  0.6254,  ...,  0.6954,  0.6954,  0.6779]],

         [[ 1.0017,  0.9842,  0.8622,  ...,  1.0539,  1.0888,  1.1237],
          [ 1.0888,  1.0888,  0.8971,  ...,  1.1062,  1.1237,  1.1237],
          [ 1.2108,  1.1585,  1.0017,  ...,  1.1411,  1.1237,  1.1062],
          ...,
          [ 0.8274,  0.7751,  0.8797,  ...,  0.9145,  0.9145,  0.8971],
          [ 0.8274,  0.8448,  0.9494,  ...,  0.9494,  0.9494,  0.9319],
          [ 0.8448,  0.8099,  0.8797,  ...,  0.9668,  0.9668,  0.9494]]],


        [[[-1.0733, -0.9705, -0.7822,  ...,  0.3481,  0.2624,  0.2111],
          [-1.0219, -0.8507, -0.7137,  ...,  0.2796,  0.3138,  0.2967],
          [-0.9877, -0.9020, -0.8507,  ...,  0.2624,  0.3652,  0.2282],
          ...,
          [ 1.1700,  1.2043,  1.1015,  ..., -0.6281, -0.5596, -0.5596],
          [ 1.3413,  1.2385,  1.1187,  ..., -0.6109, -0.5596, -0.5596],
          [ 1.2899,  1.2728,  1.2214,  ..., -0.5596, -0.5767, -0.5938]],

         [[-1.0203, -0.9153, -0.7227,  ...,  0.1527,  0.0651,  0.0126],
          [-0.9328, -0.7577, -0.6176,  ...,  0.0476,  0.0826,  0.0651],
          [-0.8978, -0.8102, -0.7577,  ...,  0.0301,  0.1352, -0.0049],
          ...,
          [ 0.9405,  0.9755,  0.8704,  ..., -0.5476, -0.4776, -0.4776],
          [ 1.1155,  1.0630,  0.9405,  ..., -0.5301, -0.4776, -0.4776],
          [ 1.0980,  1.0805,  1.0280,  ..., -0.4776, -0.4951, -0.5126]],

         [[-0.9156, -0.8110, -0.6193,  ...,  0.2696,  0.1825,  0.1302],
          [-0.7936, -0.6193, -0.4798,  ...,  0.2173,  0.2173,  0.1999],
          [-0.7587, -0.6715, -0.6018,  ...,  0.1999,  0.2696,  0.1302],
          ...,
          [ 0.9319,  0.9668,  0.8622,  ..., -0.2707, -0.2010, -0.2010],
          [ 1.1062,  1.0365,  0.9145,  ..., -0.2532, -0.2010, -0.2010],
          [ 1.1237,  1.1062,  1.0539,  ..., -0.2010, -0.2184, -0.2358]]],


        [[[-1.8610, -1.5357, -1.2959,  ..., -1.2788, -1.2788, -1.3130],
          [-1.6555, -1.4329, -1.0904,  ..., -1.2788, -1.2617, -1.2959],
          [-1.2788, -1.1418, -0.6794,  ..., -1.2617, -1.2788, -1.3130],
          ...,
          [-1.7069, -1.7412, -1.7069,  ..., -1.6213, -1.7069, -1.7754],
          [-1.7412, -1.7583, -1.7240,  ..., -1.7240, -1.7925, -1.8610],
          [-1.7412, -1.7412, -1.7069,  ..., -1.7754, -1.8610, -1.8610]],

         [[-1.7731, -1.4230, -1.2129,  ..., -1.4580, -1.4930, -1.5455],
          [-1.5980, -1.3529, -1.0028,  ..., -1.4580, -1.5105, -1.5455],
          [-1.1954, -1.0553, -0.5826,  ..., -1.4755, -1.5280, -1.5630],
          ...,
          [-1.5805, -1.6155, -1.5980,  ..., -1.4930, -1.5455, -1.6155],
          [-1.6155, -1.6331, -1.6155,  ..., -1.5980, -1.6331, -1.7031],
          [-1.6506, -1.6506, -1.5980,  ..., -1.6506, -1.7031, -1.7031]],

         [[-1.5430, -1.2816, -1.0724,  ..., -1.4907, -1.4733, -1.4384],
          [-1.3513, -1.1944, -0.8633,  ..., -1.4907, -1.4733, -1.4733],
          [-1.0027, -0.8981, -0.4450,  ..., -1.4559, -1.4559, -1.4907],
          ...,
          [-1.3687, -1.4036, -1.3339,  ..., -1.2816, -1.2990, -1.3687],
          [-1.4036, -1.4210, -1.3513,  ..., -1.3861, -1.3861, -1.4559],
          [-1.4210, -1.4210, -1.3339,  ..., -1.4384, -1.4559, -1.4559]]]])}
dim_img_batch : torch.Size([3, 3, 224, 224])
dim_pcl_batch : torch.Size([3, 8192, 3])
